2024-01-01 23:19:10.565  INFO 7712 --- [main] c.i.springcloud.AuthServiceApplication   : No active profile set, falling back to default profiles: default
2024-01-01 23:19:11.543  INFO 7712 --- [main] .s.d.r.c.RepositoryConfigurationDelegate : Multiple Spring Data modules found, entering strict repository configuration mode!
2024-01-01 23:19:11.546  INFO 7712 --- [main] .s.d.r.c.RepositoryConfigurationDelegate : Bootstrapping Spring Data Redis repositories in DEFAULT mode.
2024-01-01 23:19:11.574  INFO 7712 --- [main] .s.d.r.c.RepositoryConfigurationDelegate : Finished Spring Data repository scanning in 11ms. Found 0 Redis repository interfaces.
2024-01-01 23:19:11.711  WARN 7712 --- [main] o.s.boot.actuate.endpoint.EndpointId     : Endpoint ID 'service-registry' contains invalid characters, please migrate to a valid format.
2024-01-01 23:19:11.921  INFO 7712 --- [main] o.s.cloud.context.scope.GenericScope     : BeanFactory id=ae9b0e3e-175e-3720-b76f-3ac607dbb864
2024-01-01 23:19:12.365  INFO 7712 --- [main] o.s.b.w.embedded.tomcat.TomcatWebServer  : Tomcat initialized with port(s): 65100 (http)
2024-01-01 23:19:12.373  INFO 7712 --- [main] o.apache.catalina.core.StandardService   : Starting service [Tomcat]
2024-01-01 23:19:12.374  INFO 7712 --- [main] org.apache.catalina.core.StandardEngine  : Starting Servlet engine: [Apache Tomcat/9.0.34]
2024-01-01 23:19:12.475  INFO 7712 --- [main] o.a.c.c.C.[Tomcat].[localhost].[/]       : Initializing Spring embedded WebApplicationContext
2024-01-01 23:19:12.475  INFO 7712 --- [main] o.s.web.context.ContextLoader            : Root WebApplicationContext: initialization completed in 1891 ms
2024-01-01 23:19:12.537  WARN 7712 --- [main] c.n.c.sources.URLConfigurationSource     : No URLs will be polled as dynamic configuration sources.
2024-01-01 23:19:12.537  INFO 7712 --- [main] c.n.c.sources.URLConfigurationSource     : To enable URLs as dynamic configuration sources, define System property archaius.configurationSource.additionalUrls or make config.properties available on classpath.
2024-01-01 23:19:12.545  INFO 7712 --- [main] c.netflix.config.DynamicPropertyFactory  : DynamicPropertyFactory is initialized with configuration sources: com.netflix.config.ConcurrentCompositeConfiguration@962ce543
2024-01-01 23:19:13.425  WARN 7712 --- [main] c.n.c.sources.URLConfigurationSource     : No URLs will be polled as dynamic configuration sources.
2024-01-01 23:19:13.426  INFO 7712 --- [main] c.n.c.sources.URLConfigurationSource     : To enable URLs as dynamic configuration sources, define System property archaius.configurationSource.additionalUrls or make config.properties available on classpath.
2024-01-01 23:19:13.623  INFO 7712 --- [main] o.s.s.concurrent.ThreadPoolTaskExecutor  : Initializing ExecutorService 'applicationTaskExecutor'
2024-01-01 23:19:14.330  INFO 7712 --- [main] DiscoveryClientOptionalArgsConfiguration : Eureka HTTP Client uses Jersey
2024-01-01 23:19:14.359  WARN 7712 --- [main] ockingLoadBalancerClientRibbonWarnLogger : You already have RibbonLoadBalancerClient on your classpath. It will be used by default. As Spring Cloud Ribbon is in maintenance mode. We recommend switching to BlockingLoadBalancerClient instead. In order to use it, set the value of `spring.cloud.loadbalancer.ribbon.enabled` to `false` or remove spring-cloud-starter-netflix-ribbon from your project.
2024-01-01 23:19:14.422  INFO 7712 --- [main] o.s.b.a.e.web.EndpointLinksResolver      : Exposing 18 endpoint(s) beneath base path '/actuator'
2024-01-01 23:19:14.545  INFO 7712 --- [main] o.s.c.n.eureka.InstanceInfoFactory       : Setting initial instance status as: STARTING
2024-01-01 23:19:14.589  INFO 7712 --- [main] com.netflix.discovery.DiscoveryClient    : Initializing Eureka in region us-east-1
2024-01-01 23:19:14.865  INFO 7712 --- [main] c.n.d.provider.DiscoveryJerseyProvider   : Using JSON encoding codec LegacyJacksonJson
2024-01-01 23:19:14.866  INFO 7712 --- [main] c.n.d.provider.DiscoveryJerseyProvider   : Using JSON decoding codec LegacyJacksonJson
2024-01-01 23:19:14.974  INFO 7712 --- [main] c.n.d.provider.DiscoveryJerseyProvider   : Using XML encoding codec XStreamXml
2024-01-01 23:19:14.975  INFO 7712 --- [main] c.n.d.provider.DiscoveryJerseyProvider   : Using XML decoding codec XStreamXml
2024-01-01 23:19:15.186  INFO 7712 --- [main] c.n.d.s.r.aws.ConfigClusterResolver      : Resolving eureka endpoints via configuration
2024-01-01 23:19:15.516  INFO 7712 --- [main] com.netflix.discovery.DiscoveryClient    : Disable delta property : false
2024-01-01 23:19:15.516  INFO 7712 --- [main] com.netflix.discovery.DiscoveryClient    : Single vip registry refresh property : null
2024-01-01 23:19:15.516  INFO 7712 --- [main] com.netflix.discovery.DiscoveryClient    : Force full registry fetch : false
2024-01-01 23:19:15.516  INFO 7712 --- [main] com.netflix.discovery.DiscoveryClient    : Application is null : false
2024-01-01 23:19:15.516  INFO 7712 --- [main] com.netflix.discovery.DiscoveryClient    : Registered Applications size is zero : true
2024-01-01 23:19:15.516  INFO 7712 --- [main] com.netflix.discovery.DiscoveryClient    : Application version is -1: true
2024-01-01 23:19:15.516  INFO 7712 --- [main] com.netflix.discovery.DiscoveryClient    : Getting all instance registry info from the eureka server
2024-01-01 23:19:15.736  INFO 7712 --- [main] com.netflix.discovery.DiscoveryClient    : The response status is 200
2024-01-01 23:19:15.736  INFO 7712 --- [main] com.netflix.discovery.DiscoveryClient    : Starting heartbeat executor: renew interval is: 30
2024-01-01 23:19:15.736  INFO 7712 --- [main] c.n.discovery.InstanceInfoReplicator     : InstanceInfoReplicator onDemand update allowed rate per min is 4
2024-01-01 23:19:15.736  INFO 7712 --- [main] com.netflix.discovery.DiscoveryClient    : Discovery Client initialized at timestamp 1704122355736 with initial instances count: 0
2024-01-01 23:19:15.752  INFO 7712 --- [main] o.s.c.n.e.s.EurekaServiceRegistry        : Registering application AUTH-SERVICE with eureka with status UP
2024-01-01 23:19:15.752  INFO 7712 --- [main] com.netflix.discovery.DiscoveryClient    : Saw local status change event StatusChangeEvent [timestamp=1704122355752, current=UP, previous=STARTING]
2024-01-01 23:19:15.752  INFO 7712 --- [DiscoveryClient-InstanceInfoReplicator-0] com.netflix.discovery.DiscoveryClient    : DiscoveryClient_AUTH-SERVICE/DESKTOP-3SMHR8N:auth-service:65100: registering service...
2024-01-01 23:19:15.812  INFO 7712 --- [main] o.s.b.w.embedded.tomcat.TomcatWebServer  : Tomcat started on port(s): 65100 (http) with context path ''
2024-01-01 23:19:15.812  INFO 7712 --- [main] .s.c.n.e.s.EurekaAutoServiceRegistration : Updating port to 65100
2024-01-01 23:19:15.862  INFO 7712 --- [DiscoveryClient-InstanceInfoReplicator-0] com.netflix.discovery.DiscoveryClient    : DiscoveryClient_AUTH-SERVICE/DESKTOP-3SMHR8N:auth-service:65100 - registration status: 204
2024-01-01 23:19:16.171  INFO 7712 --- [main] c.i.springcloud.AuthServiceApplication   : Started AuthServiceApplication in 7.131 seconds (JVM running for 8.03)
