2024-01-06 15:27:43.239  INFO [sleuth-traceA,,,] 17092 --- [main] com.imooc.springcloud.SleuthTraceAMain   : No active profile set, falling back to default profiles: default
2024-01-06 15:27:44.807 ERROR [sleuth-traceA,,,] 17092 --- [main] o.s.boot.SpringApplication               : Application run failed

java.lang.IllegalStateException: Error processing condition on org.springframework.boot.autoconfigure.task.TaskSchedulingAutoConfiguration.taskSchedulerBuilder
	at org.springframework.boot.autoconfigure.condition.SpringBootCondition.matches(SpringBootCondition.java:60) ~[spring-boot-autoconfigure-2.3.8.RELEASE.jar:2.3.8.RELEASE]
	at org.springframework.context.annotation.ConditionEvaluator.shouldSkip(ConditionEvaluator.java:108) ~[spring-context-5.2.6.RELEASE.jar:5.2.6.RELEASE]
	at org.springframework.context.annotation.ConfigurationClassBeanDefinitionReader.loadBeanDefinitionsForBeanMethod(ConfigurationClassBeanDefinitionReader.java:184) ~[spring-context-5.2.6.RELEASE.jar:5.2.6.RELEASE]
	at org.springframework.context.annotation.ConfigurationClassBeanDefinitionReader.loadBeanDefinitionsForConfigurationClass(ConfigurationClassBeanDefinitionReader.java:144) ~[spring-context-5.2.6.RELEASE.jar:5.2.6.RELEASE]
	at org.springframework.context.annotation.ConfigurationClassBeanDefinitionReader.loadBeanDefinitions(ConfigurationClassBeanDefinitionReader.java:120) ~[spring-context-5.2.6.RELEASE.jar:5.2.6.RELEASE]
	at org.springframework.context.annotation.ConfigurationClassPostProcessor.processConfigBeanDefinitions(ConfigurationClassPostProcessor.java:331) ~[spring-context-5.2.6.RELEASE.jar:5.2.6.RELEASE]
	at org.springframework.context.annotation.ConfigurationClassPostProcessor.postProcessBeanDefinitionRegistry(ConfigurationClassPostProcessor.java:236) ~[spring-context-5.2.6.RELEASE.jar:5.2.6.RELEASE]
	at org.springframework.context.support.PostProcessorRegistrationDelegate.invokeBeanDefinitionRegistryPostProcessors(PostProcessorRegistrationDelegate.java:280) ~[spring-context-5.2.6.RELEASE.jar:5.2.6.RELEASE]
	at org.springframework.context.support.PostProcessorRegistrationDelegate.invokeBeanFactoryPostProcessors(PostProcessorRegistrationDelegate.java:96) ~[spring-context-5.2.6.RELEASE.jar:5.2.6.RELEASE]
	at org.springframework.context.support.AbstractApplicationContext.invokeBeanFactoryPostProcessors(AbstractApplicationContext.java:706) ~[spring-context-5.2.6.RELEASE.jar:5.2.6.RELEASE]
	at org.springframework.context.support.AbstractApplicationContext.refresh(AbstractApplicationContext.java:532) ~[spring-context-5.2.6.RELEASE.jar:5.2.6.RELEASE]
	at org.springframework.boot.web.servlet.context.ServletWebServerApplicationContext.refresh(ServletWebServerApplicationContext.java:141) ~[spring-boot-2.2.7.RELEASE.jar:2.2.7.RELEASE]
	at org.springframework.boot.SpringApplication.refresh(SpringApplication.java:747) ~[spring-boot-2.2.7.RELEASE.jar:2.2.7.RELEASE]
	at org.springframework.boot.SpringApplication.refreshContext(SpringApplication.java:397) ~[spring-boot-2.2.7.RELEASE.jar:2.2.7.RELEASE]
	at org.springframework.boot.SpringApplication.run(SpringApplication.java:315) ~[spring-boot-2.2.7.RELEASE.jar:2.2.7.RELEASE]
	at org.springframework.boot.builder.SpringApplicationBuilder.run(SpringApplicationBuilder.java:140) [spring-boot-2.2.7.RELEASE.jar:2.2.7.RELEASE]
	at com.imooc.springcloud.SleuthTraceAMain.main(SleuthTraceAMain.java:33) [classes/:na]
Caused by: java.lang.IllegalStateException: Failed to introspect Class [org.springframework.boot.autoconfigure.availability.ApplicationAvailabilityAutoConfiguration] from ClassLoader [sun.misc.Launcher$AppClassLoader@637674a4]
	at org.springframework.util.ReflectionUtils.getDeclaredMethods(ReflectionUtils.java:481) ~[spring-core-5.2.6.RELEASE.jar:5.2.6.RELEASE]
	at org.springframework.util.ReflectionUtils.doWithMethods(ReflectionUtils.java:358) ~[spring-core-5.2.6.RELEASE.jar:5.2.6.RELEASE]
	at org.springframework.util.ReflectionUtils.getUniqueDeclaredMethods(ReflectionUtils.java:414) ~[spring-core-5.2.6.RELEASE.jar:5.2.6.RELEASE]
	at org.springframework.beans.factory.support.AbstractAutowireCapableBeanFactory.lambda$getTypeForFactoryMethod$2(AbstractAutowireCapableBeanFactory.java:743) ~[spring-beans-5.2.6.RELEASE.jar:5.2.6.RELEASE]
	at java.util.concurrent.ConcurrentHashMap.computeIfAbsent(ConcurrentHashMap.java:1660) ~[na:1.8.0_382]
	at org.springframework.beans.factory.support.AbstractAutowireCapableBeanFactory.getTypeForFactoryMethod(AbstractAutowireCapableBeanFactory.java:742) ~[spring-beans-5.2.6.RELEASE.jar:5.2.6.RELEASE]
	at org.springframework.beans.factory.support.AbstractAutowireCapableBeanFactory.determineTargetType(AbstractAutowireCapableBeanFactory.java:681) ~[spring-beans-5.2.6.RELEASE.jar:5.2.6.RELEASE]
	at org.springframework.beans.factory.support.AbstractAutowireCapableBeanFactory.predictBeanType(AbstractAutowireCapableBeanFactory.java:649) ~[spring-beans-5.2.6.RELEASE.jar:5.2.6.RELEASE]
	at org.springframework.beans.factory.support.AbstractBeanFactory.isFactoryBean(AbstractBeanFactory.java:1608) ~[spring-beans-5.2.6.RELEASE.jar:5.2.6.RELEASE]
	at org.springframework.beans.factory.support.DefaultListableBeanFactory.doGetBeanNamesForType(DefaultListableBeanFactory.java:526) ~[spring-beans-5.2.6.RELEASE.jar:5.2.6.RELEASE]
	at org.springframework.beans.factory.support.DefaultListableBeanFactory.getBeanNamesForType(DefaultListableBeanFactory.java:497) ~[spring-beans-5.2.6.RELEASE.jar:5.2.6.RELEASE]
	at org.springframework.boot.autoconfigure.condition.OnBeanCondition.collectBeanNamesForType(OnBeanCondition.java:238) ~[spring-boot-autoconfigure-2.3.8.RELEASE.jar:2.3.8.RELEASE]
	at org.springframework.boot.autoconfigure.condition.OnBeanCondition.getBeanNamesForType(OnBeanCondition.java:231) ~[spring-boot-autoconfigure-2.3.8.RELEASE.jar:2.3.8.RELEASE]
	at org.springframework.boot.autoconfigure.condition.OnBeanCondition.getBeanNamesForType(OnBeanCondition.java:221) ~[spring-boot-autoconfigure-2.3.8.RELEASE.jar:2.3.8.RELEASE]
	at org.springframework.boot.autoconfigure.condition.OnBeanCondition.getMatchingBeans(OnBeanCondition.java:169) ~[spring-boot-autoconfigure-2.3.8.RELEASE.jar:2.3.8.RELEASE]
	at org.springframework.boot.autoconfigure.condition.OnBeanCondition.getMatchOutcome(OnBeanCondition.java:144) ~[spring-boot-autoconfigure-2.3.8.RELEASE.jar:2.3.8.RELEASE]
	at org.springframework.boot.autoconfigure.condition.SpringBootCondition.matches(SpringBootCondition.java:47) ~[spring-boot-autoconfigure-2.3.8.RELEASE.jar:2.3.8.RELEASE]
	... 16 common frames omitted
Caused by: java.lang.NoClassDefFoundError: org.springframework.boot.availability.ApplicationAvailabilityBean
	at java.lang.Class.getDeclaredMethodsImpl(Native Method) ~[na:1.8.0_382]
	at java.lang.Class.getDeclaredMethods(Class.java:1019) ~[na:1.8.0_382]
	at org.springframework.util.ReflectionUtils.getDeclaredMethods(ReflectionUtils.java:463) ~[spring-core-5.2.6.RELEASE.jar:5.2.6.RELEASE]
	... 32 common frames omitted
Caused by: java.lang.ClassNotFoundException: org.springframework.boot.availability.ApplicationAvailabilityBean
	at java.net.URLClassLoader.findClass(URLClassLoader.java:591) ~[na:1.8.0_382]
	at java.lang.ClassLoader.loadClassHelper(ClassLoader.java:957) ~[na:1.8.0_382]
	at java.lang.ClassLoader.loadClass(ClassLoader.java:902) ~[na:1.8.0_382]
	at sun.misc.Launcher$AppClassLoader.loadClass(Launcher.java:352) ~[na:1.8.0_382]
	at java.lang.ClassLoader.loadClass(ClassLoader.java:885) ~[na:1.8.0_382]
	... 35 common frames omitted

2024-01-06 15:27:44.810  WARN [sleuth-traceA,,,] 17092 --- [main] o.s.boot.SpringApplication               : Unable to close ApplicationContext

java.lang.IllegalStateException: Failed to introspect Class [org.springframework.boot.autoconfigure.availability.ApplicationAvailabilityAutoConfiguration] from ClassLoader [sun.misc.Launcher$AppClassLoader@637674a4]
	at org.springframework.util.ReflectionUtils.getDeclaredMethods(ReflectionUtils.java:481) ~[spring-core-5.2.6.RELEASE.jar:5.2.6.RELEASE]
	at org.springframework.util.ReflectionUtils.doWithMethods(ReflectionUtils.java:358) ~[spring-core-5.2.6.RELEASE.jar:5.2.6.RELEASE]
	at org.springframework.util.ReflectionUtils.getUniqueDeclaredMethods(ReflectionUtils.java:414) ~[spring-core-5.2.6.RELEASE.jar:5.2.6.RELEASE]
	at org.springframework.beans.factory.support.AbstractAutowireCapableBeanFactory.lambda$getTypeForFactoryMethod$2(AbstractAutowireCapableBeanFactory.java:743) ~[spring-beans-5.2.6.RELEASE.jar:5.2.6.RELEASE]
	at java.util.concurrent.ConcurrentHashMap.computeIfAbsent(ConcurrentHashMap.java:1660) ~[na:1.8.0_382]
	at org.springframework.beans.factory.support.AbstractAutowireCapableBeanFactory.getTypeForFactoryMethod(AbstractAutowireCapableBeanFactory.java:742) ~[spring-beans-5.2.6.RELEASE.jar:5.2.6.RELEASE]
	at org.springframework.beans.factory.support.AbstractAutowireCapableBeanFactory.determineTargetType(AbstractAutowireCapableBeanFactory.java:681) ~[spring-beans-5.2.6.RELEASE.jar:5.2.6.RELEASE]
	at org.springframework.beans.factory.support.AbstractAutowireCapableBeanFactory.predictBeanType(AbstractAutowireCapableBeanFactory.java:649) ~[spring-beans-5.2.6.RELEASE.jar:5.2.6.RELEASE]
	at org.springframework.beans.factory.support.AbstractBeanFactory.isFactoryBean(AbstractBeanFactory.java:1608) ~[spring-beans-5.2.6.RELEASE.jar:5.2.6.RELEASE]
	at org.springframework.beans.factory.support.DefaultListableBeanFactory.doGetBeanNamesForType(DefaultListableBeanFactory.java:526) ~[spring-beans-5.2.6.RELEASE.jar:5.2.6.RELEASE]
	at org.springframework.beans.factory.support.DefaultListableBeanFactory.getBeanNamesForType(DefaultListableBeanFactory.java:497) ~[spring-beans-5.2.6.RELEASE.jar:5.2.6.RELEASE]
	at org.springframework.beans.factory.support.DefaultListableBeanFactory.getBeansOfType(DefaultListableBeanFactory.java:619) ~[spring-beans-5.2.6.RELEASE.jar:5.2.6.RELEASE]
	at org.springframework.beans.factory.support.DefaultListableBeanFactory.getBeansOfType(DefaultListableBeanFactory.java:611) ~[spring-beans-5.2.6.RELEASE.jar:5.2.6.RELEASE]
	at org.springframework.context.support.AbstractApplicationContext.getBeansOfType(AbstractApplicationContext.java:1242) ~[spring-context-5.2.6.RELEASE.jar:5.2.6.RELEASE]
	at org.springframework.boot.SpringApplication.getExitCodeFromMappedException(SpringApplication.java:869) [spring-boot-2.2.7.RELEASE.jar:2.2.7.RELEASE]
	at org.springframework.boot.SpringApplication.getExitCodeFromException(SpringApplication.java:857) [spring-boot-2.2.7.RELEASE.jar:2.2.7.RELEASE]
	at org.springframework.boot.SpringApplication.handleExitCode(SpringApplication.java:844) [spring-boot-2.2.7.RELEASE.jar:2.2.7.RELEASE]
	at org.springframework.boot.SpringApplication.handleRunFailure(SpringApplication.java:795) [spring-boot-2.2.7.RELEASE.jar:2.2.7.RELEASE]
	at org.springframework.boot.SpringApplication.run(SpringApplication.java:325) [spring-boot-2.2.7.RELEASE.jar:2.2.7.RELEASE]
	at org.springframework.boot.builder.SpringApplicationBuilder.run(SpringApplicationBuilder.java:140) [spring-boot-2.2.7.RELEASE.jar:2.2.7.RELEASE]
	at com.imooc.springcloud.SleuthTraceAMain.main(SleuthTraceAMain.java:33) [classes/:na]
Caused by: java.lang.NoClassDefFoundError: org.springframework.boot.availability.ApplicationAvailabilityBean
	at java.lang.Class.getDeclaredMethodsImpl(Native Method) ~[na:1.8.0_382]
	at java.lang.Class.getDeclaredMethods(Class.java:1019) ~[na:1.8.0_382]
	at org.springframework.util.ReflectionUtils.getDeclaredMethods(ReflectionUtils.java:463) ~[spring-core-5.2.6.RELEASE.jar:5.2.6.RELEASE]
	... 20 common frames omitted
Caused by: java.lang.ClassNotFoundException: org.springframework.boot.availability.ApplicationAvailabilityBean
	at java.net.URLClassLoader.findClass(URLClassLoader.java:591) ~[na:1.8.0_382]
	at java.lang.ClassLoader.loadClassHelper(ClassLoader.java:957) ~[na:1.8.0_382]
	at java.lang.ClassLoader.loadClass(ClassLoader.java:902) ~[na:1.8.0_382]
	at sun.misc.Launcher$AppClassLoader.loadClass(Launcher.java:352) ~[na:1.8.0_382]
	at java.lang.ClassLoader.loadClass(ClassLoader.java:885) ~[na:1.8.0_382]
	... 23 common frames omitted

2024-01-06 15:28:20.444  INFO [sleuth-traceA,,,] 10096 --- [main] com.imooc.springcloud.SleuthTraceAMain   : No active profile set, falling back to default profiles: default
2024-01-06 15:28:21.204  WARN [sleuth-traceA,,,] 10096 --- [main] o.s.boot.actuate.endpoint.EndpointId     : Endpoint ID 'service-registry' contains invalid characters, please migrate to a valid format.
2024-01-06 15:28:21.426  INFO [sleuth-traceA,,,] 10096 --- [main] o.s.cloud.context.scope.GenericScope     : BeanFactory id=6d9a7645-33ba-3faf-b175-fe0a03f95083
2024-01-06 15:28:22.068  INFO [sleuth-traceA,,,] 10096 --- [main] o.s.b.w.embedded.tomcat.TomcatWebServer  : Tomcat initialized with port(s): 87996 (http)
2024-01-06 15:28:22.075  INFO [sleuth-traceA,,,] 10096 --- [main] o.apache.catalina.core.StandardService   : Starting service [Tomcat]
2024-01-06 15:28:22.075  INFO [sleuth-traceA,,,] 10096 --- [main] org.apache.catalina.core.StandardEngine  : Starting Servlet engine: [Apache Tomcat/9.0.34]
2024-01-06 15:28:22.176  INFO [sleuth-traceA,,,] 10096 --- [main] o.a.c.c.C.[Tomcat].[localhost].[/]       : Initializing Spring embedded WebApplicationContext
2024-01-06 15:28:22.176  INFO [sleuth-traceA,,,] 10096 --- [main] o.s.web.context.ContextLoader            : Root WebApplicationContext: initialization completed in 1715 ms
2024-01-06 15:28:22.306  WARN [sleuth-traceA,,,] 10096 --- [main] c.n.c.sources.URLConfigurationSource     : No URLs will be polled as dynamic configuration sources.
2024-01-06 15:28:22.306  INFO [sleuth-traceA,,,] 10096 --- [main] c.n.c.sources.URLConfigurationSource     : To enable URLs as dynamic configuration sources, define System property archaius.configurationSource.additionalUrls or make config.properties available on classpath.
2024-01-06 15:28:22.315  INFO [sleuth-traceA,,,] 10096 --- [main] c.netflix.config.DynamicPropertyFactory  : DynamicPropertyFactory is initialized with configuration sources: com.netflix.config.ConcurrentCompositeConfiguration@a2ef786b
2024-01-06 15:28:23.596  WARN [sleuth-traceA,,,] 10096 --- [main] c.n.c.sources.URLConfigurationSource     : No URLs will be polled as dynamic configuration sources.
2024-01-06 15:28:23.597  INFO [sleuth-traceA,,,] 10096 --- [main] c.n.c.sources.URLConfigurationSource     : To enable URLs as dynamic configuration sources, define System property archaius.configurationSource.additionalUrls or make config.properties available on classpath.
2024-01-06 15:28:23.857  INFO [sleuth-traceA,,,] 10096 --- [main] o.s.s.concurrent.ThreadPoolTaskExecutor  : Initializing ExecutorService 'applicationTaskExecutor'
2024-01-06 15:28:24.609  INFO [sleuth-traceA,,,] 10096 --- [main] DiscoveryClientOptionalArgsConfiguration : Eureka HTTP Client uses Jersey
2024-01-06 15:28:24.653  WARN [sleuth-traceA,,,] 10096 --- [main] ockingLoadBalancerClientRibbonWarnLogger : You already have RibbonLoadBalancerClient on your classpath. It will be used by default. As Spring Cloud Ribbon is in maintenance mode. We recommend switching to BlockingLoadBalancerClient instead. In order to use it, set the value of `spring.cloud.loadbalancer.ribbon.enabled` to `false` or remove spring-cloud-starter-netflix-ribbon from your project.
2024-01-06 15:28:24.818  INFO [sleuth-traceA,,,] 10096 --- [main] o.s.b.a.e.web.EndpointLinksResolver      : Exposing 18 endpoint(s) beneath base path '/actuator'
2024-01-06 15:28:24.911  INFO [sleuth-traceA,,,] 10096 --- [main] o.s.c.n.eureka.InstanceInfoFactory       : Setting initial instance status as: STARTING
2024-01-06 15:28:24.935  INFO [sleuth-traceA,,,] 10096 --- [main] com.netflix.discovery.DiscoveryClient    : Initializing Eureka in region us-east-1
2024-01-06 15:28:25.154  INFO [sleuth-traceA,,,] 10096 --- [main] c.n.d.provider.DiscoveryJerseyProvider   : Using JSON encoding codec LegacyJacksonJson
2024-01-06 15:28:25.154  INFO [sleuth-traceA,,,] 10096 --- [main] c.n.d.provider.DiscoveryJerseyProvider   : Using JSON decoding codec LegacyJacksonJson
2024-01-06 15:28:25.259  INFO [sleuth-traceA,,,] 10096 --- [main] c.n.d.provider.DiscoveryJerseyProvider   : Using XML encoding codec XStreamXml
2024-01-06 15:28:25.259  INFO [sleuth-traceA,,,] 10096 --- [main] c.n.d.provider.DiscoveryJerseyProvider   : Using XML decoding codec XStreamXml
2024-01-06 15:28:25.399  INFO [sleuth-traceA,,,] 10096 --- [main] c.n.d.s.r.aws.ConfigClusterResolver      : Resolving eureka endpoints via configuration
2024-01-06 15:28:25.648  INFO [sleuth-traceA,,,] 10096 --- [main] com.netflix.discovery.DiscoveryClient    : Disable delta property : false
2024-01-06 15:28:25.648  INFO [sleuth-traceA,,,] 10096 --- [main] com.netflix.discovery.DiscoveryClient    : Single vip registry refresh property : null
2024-01-06 15:28:25.648  INFO [sleuth-traceA,,,] 10096 --- [main] com.netflix.discovery.DiscoveryClient    : Force full registry fetch : false
2024-01-06 15:28:25.648  INFO [sleuth-traceA,,,] 10096 --- [main] com.netflix.discovery.DiscoveryClient    : Application is null : false
2024-01-06 15:28:25.648  INFO [sleuth-traceA,,,] 10096 --- [main] com.netflix.discovery.DiscoveryClient    : Registered Applications size is zero : true
2024-01-06 15:28:25.648  INFO [sleuth-traceA,,,] 10096 --- [main] com.netflix.discovery.DiscoveryClient    : Application version is -1: true
2024-01-06 15:28:25.648  INFO [sleuth-traceA,,,] 10096 --- [main] com.netflix.discovery.DiscoveryClient    : Getting all instance registry info from the eureka server
2024-01-06 15:28:25.832  INFO [sleuth-traceA,,,] 10096 --- [main] com.netflix.discovery.DiscoveryClient    : The response status is 200
2024-01-06 15:28:25.834  INFO [sleuth-traceA,,,] 10096 --- [main] com.netflix.discovery.DiscoveryClient    : Starting heartbeat executor: renew interval is: 30
2024-01-06 15:28:25.836  INFO [sleuth-traceA,,,] 10096 --- [main] c.n.discovery.InstanceInfoReplicator     : InstanceInfoReplicator onDemand update allowed rate per min is 4
2024-01-06 15:28:25.840  INFO [sleuth-traceA,,,] 10096 --- [main] com.netflix.discovery.DiscoveryClient    : Discovery Client initialized at timestamp 1704526105839 with initial instances count: 0
2024-01-06 15:28:25.844  INFO [sleuth-traceA,,,] 10096 --- [main] o.s.c.n.e.s.EurekaServiceRegistry        : Registering application SLEUTH-TRACEA with eureka with status UP
2024-01-06 15:28:25.845  INFO [sleuth-traceA,,,] 10096 --- [main] com.netflix.discovery.DiscoveryClient    : Saw local status change event StatusChangeEvent [timestamp=1704526105845, current=UP, previous=STARTING]
2024-01-06 15:28:25.846  INFO [sleuth-traceA,,,] 10096 --- [DiscoveryClient-InstanceInfoReplicator-0] com.netflix.discovery.DiscoveryClient    : DiscoveryClient_SLEUTH-TRACEA/DESKTOP-3SMHR8N:sleuth-traceA:87996: registering service...
2024-01-06 15:28:25.885  INFO [sleuth-traceA,,,] 10096 --- [main] o.apache.catalina.core.StandardService   : Stopping service [Tomcat]
2024-01-06 15:28:25.891  WARN [sleuth-traceA,,,] 10096 --- [main] o.a.c.loader.WebappClassLoaderBase       : The web application [ROOT] appears to have started a thread named [spring.cloud.inetutils] but has failed to stop it. This is very likely to create a memory leak. Stack trace of thread:
 sun.misc.Unsafe.park(Native Method)
 java.util.concurrent.locks.LockSupport.park(LockSupport.java:175)
 java.util.concurrent.locks.AbstractQueuedSynchronizer$ConditionObject.await(AbstractQueuedSynchronizer.java:2039)
 java.util.concurrent.LinkedBlockingQueue.take(LinkedBlockingQueue.java:442)
 java.util.concurrent.ThreadPoolExecutor.getTask(ThreadPoolExecutor.java:1074)
 java.util.concurrent.ThreadPoolExecutor.runWorker(ThreadPoolExecutor.java:1134)
 java.util.concurrent.ThreadPoolExecutor$Worker.run(ThreadPoolExecutor.java:624)
 java.lang.Thread.run(Thread.java:826)
2024-01-06 15:28:25.896  INFO [sleuth-traceA,,,] 10096 --- [main] ConditionEvaluationReportLoggingListener : 

Error starting ApplicationContext. To display the conditions report re-run your application with 'debug' enabled.
2024-01-06 15:28:25.898  INFO [sleuth-traceA,,,] 10096 --- [main] o.s.c.n.e.s.EurekaServiceRegistry        : Unregistering application SLEUTH-TRACEA with eureka with status DOWN
2024-01-06 15:28:25.899  INFO [sleuth-traceA,,,] 10096 --- [main] com.netflix.discovery.DiscoveryClient    : Saw local status change event StatusChangeEvent [timestamp=1704526105899, current=DOWN, previous=UP]
2024-01-06 15:28:25.903  WARN [sleuth-traceA,,,] 10096 --- [main] o.s.b.f.support.DisposableBeanAdapter    : Invocation of destroy method failed on bean with name 'tomcatMetricsBinder': java.lang.NullPointerException
2024-01-06 15:28:25.906  INFO [sleuth-traceA,,,] 10096 --- [main] o.s.s.concurrent.ThreadPoolTaskExecutor  : Shutting down ExecutorService 'applicationTaskExecutor'
2024-01-06 15:28:25.917  INFO [sleuth-traceA,,,] 10096 --- [main] com.netflix.discovery.DiscoveryClient    : Shutting down DiscoveryClient ...
2024-01-06 15:28:25.964  INFO [sleuth-traceA,,,] 10096 --- [DiscoveryClient-InstanceInfoReplicator-0] com.netflix.discovery.DiscoveryClient    : DiscoveryClient_SLEUTH-TRACEA/DESKTOP-3SMHR8N:sleuth-traceA:87996 - registration status: 204
2024-01-06 15:28:25.965  INFO [sleuth-traceA,,,] 10096 --- [DiscoveryClient-InstanceInfoReplicator-0] com.netflix.discovery.DiscoveryClient    : DiscoveryClient_SLEUTH-TRACEA/DESKTOP-3SMHR8N:sleuth-traceA:87996: registering service...
2024-01-06 15:28:25.972  INFO [sleuth-traceA,,,] 10096 --- [DiscoveryClient-InstanceInfoReplicator-0] com.netflix.discovery.DiscoveryClient    : DiscoveryClient_SLEUTH-TRACEA/DESKTOP-3SMHR8N:sleuth-traceA:87996 - registration status: 204
2024-01-06 15:28:25.973  INFO [sleuth-traceA,,,] 10096 --- [main] com.netflix.discovery.DiscoveryClient    : Unregistering ...
2024-01-06 15:28:25.991  INFO [sleuth-traceA,,,] 10096 --- [main] com.netflix.discovery.DiscoveryClient    : DiscoveryClient_SLEUTH-TRACEA/DESKTOP-3SMHR8N:sleuth-traceA:87996 - deregister  status: 200
2024-01-06 15:28:26.001  INFO [sleuth-traceA,,,] 10096 --- [main] com.netflix.discovery.DiscoveryClient    : Completed shut down of DiscoveryClient
2024-01-06 15:28:26.011 ERROR [sleuth-traceA,,,] 10096 --- [main] o.s.boot.SpringApplication               : Application run failed

org.springframework.boot.web.server.WebServerException: Unable to start embedded Tomcat server
	at org.springframework.boot.web.embedded.tomcat.TomcatWebServer.start(TomcatWebServer.java:212) ~[spring-boot-2.2.7.RELEASE.jar:2.2.7.RELEASE]
	at org.springframework.boot.web.servlet.context.ServletWebServerApplicationContext.startWebServer(ServletWebServerApplicationContext.java:297) ~[spring-boot-2.2.7.RELEASE.jar:2.2.7.RELEASE]
	at org.springframework.boot.web.servlet.context.ServletWebServerApplicationContext.finishRefresh(ServletWebServerApplicationContext.java:163) ~[spring-boot-2.2.7.RELEASE.jar:2.2.7.RELEASE]
	at org.springframework.context.support.AbstractApplicationContext.refresh(AbstractApplicationContext.java:553) ~[spring-context-5.2.6.RELEASE.jar:5.2.6.RELEASE]
	at org.springframework.boot.web.servlet.context.ServletWebServerApplicationContext.refresh(ServletWebServerApplicationContext.java:141) ~[spring-boot-2.2.7.RELEASE.jar:2.2.7.RELEASE]
	at org.springframework.boot.SpringApplication.refresh(SpringApplication.java:747) ~[spring-boot-2.2.7.RELEASE.jar:2.2.7.RELEASE]
	at org.springframework.boot.SpringApplication.refreshContext(SpringApplication.java:397) ~[spring-boot-2.2.7.RELEASE.jar:2.2.7.RELEASE]
	at org.springframework.boot.SpringApplication.run(SpringApplication.java:315) ~[spring-boot-2.2.7.RELEASE.jar:2.2.7.RELEASE]
	at org.springframework.boot.builder.SpringApplicationBuilder.run(SpringApplicationBuilder.java:140) [spring-boot-2.2.7.RELEASE.jar:2.2.7.RELEASE]
	at com.imooc.springcloud.SleuthTraceAMain.main(SleuthTraceAMain.java:33) [classes/:na]
Caused by: java.lang.IllegalArgumentException: standardService.connector.startFailed
	at org.apache.catalina.core.StandardService.addConnector(StandardService.java:231) ~[tomcat-embed-core-9.0.34.jar:9.0.34]
	at org.springframework.boot.web.embedded.tomcat.TomcatWebServer.addPreviouslyRemovedConnectors(TomcatWebServer.java:265) ~[spring-boot-2.2.7.RELEASE.jar:2.2.7.RELEASE]
	at org.springframework.boot.web.embedded.tomcat.TomcatWebServer.start(TomcatWebServer.java:196) ~[spring-boot-2.2.7.RELEASE.jar:2.2.7.RELEASE]
	... 9 common frames omitted
Caused by: org.apache.catalina.LifecycleException: Protocol handler start failed
	at org.apache.catalina.connector.Connector.startInternal(Connector.java:1066) ~[tomcat-embed-core-9.0.34.jar:9.0.34]
	at org.apache.catalina.util.LifecycleBase.start(LifecycleBase.java:183) ~[tomcat-embed-core-9.0.34.jar:9.0.34]
	at org.apache.catalina.core.StandardService.addConnector(StandardService.java:227) ~[tomcat-embed-core-9.0.34.jar:9.0.34]
	... 11 common frames omitted
Caused by: java.lang.IllegalArgumentException: port out of range:87996
	at java.net.InetSocketAddress.checkPort(InetSocketAddress.java:143) ~[na:1.8.0_382]
	at java.net.InetSocketAddress.<init>(InetSocketAddress.java:188) ~[na:1.8.0_382]
	at org.apache.tomcat.util.net.NioEndpoint.initServerSocket(NioEndpoint.java:227) ~[tomcat-embed-core-9.0.34.jar:9.0.34]
	at org.apache.tomcat.util.net.NioEndpoint.bind(NioEndpoint.java:211) ~[tomcat-embed-core-9.0.34.jar:9.0.34]
	at org.apache.tomcat.util.net.AbstractEndpoint.bindWithCleanup(AbstractEndpoint.java:1141) ~[tomcat-embed-core-9.0.34.jar:9.0.34]
	at org.apache.tomcat.util.net.AbstractEndpoint.start(AbstractEndpoint.java:1227) ~[tomcat-embed-core-9.0.34.jar:9.0.34]
	at org.apache.coyote.AbstractProtocol.start(AbstractProtocol.java:592) ~[tomcat-embed-core-9.0.34.jar:9.0.34]
	at org.apache.catalina.connector.Connector.startInternal(Connector.java:1063) ~[tomcat-embed-core-9.0.34.jar:9.0.34]
	... 13 common frames omitted

2024-01-06 15:29:52.101  INFO [sleuth-traceA,,,] 22156 --- [main] com.imooc.springcloud.SleuthTraceAMain   : No active profile set, falling back to default profiles: default
2024-01-06 15:29:52.850  WARN [sleuth-traceA,,,] 22156 --- [main] o.s.boot.actuate.endpoint.EndpointId     : Endpoint ID 'service-registry' contains invalid characters, please migrate to a valid format.
2024-01-06 15:29:53.067  INFO [sleuth-traceA,,,] 22156 --- [main] o.s.cloud.context.scope.GenericScope     : BeanFactory id=d83e2d97-a5c0-3f50-b399-1965577ea719
2024-01-06 15:29:53.654  INFO [sleuth-traceA,,,] 22156 --- [main] o.s.b.w.embedded.tomcat.TomcatWebServer  : Tomcat initialized with port(s): 6582 (http)
2024-01-06 15:29:53.662  INFO [sleuth-traceA,,,] 22156 --- [main] o.apache.catalina.core.StandardService   : Starting service [Tomcat]
2024-01-06 15:29:53.663  INFO [sleuth-traceA,,,] 22156 --- [main] org.apache.catalina.core.StandardEngine  : Starting Servlet engine: [Apache Tomcat/9.0.34]
2024-01-06 15:29:53.763  INFO [sleuth-traceA,,,] 22156 --- [main] o.a.c.c.C.[Tomcat].[localhost].[/]       : Initializing Spring embedded WebApplicationContext
2024-01-06 15:29:53.763  INFO [sleuth-traceA,,,] 22156 --- [main] o.s.web.context.ContextLoader            : Root WebApplicationContext: initialization completed in 1641 ms
2024-01-06 15:29:53.896  WARN [sleuth-traceA,,,] 22156 --- [main] c.n.c.sources.URLConfigurationSource     : No URLs will be polled as dynamic configuration sources.
2024-01-06 15:29:53.897  INFO [sleuth-traceA,,,] 22156 --- [main] c.n.c.sources.URLConfigurationSource     : To enable URLs as dynamic configuration sources, define System property archaius.configurationSource.additionalUrls or make config.properties available on classpath.
2024-01-06 15:29:53.908  INFO [sleuth-traceA,,,] 22156 --- [main] c.netflix.config.DynamicPropertyFactory  : DynamicPropertyFactory is initialized with configuration sources: com.netflix.config.ConcurrentCompositeConfiguration@b3f7b4c3
2024-01-06 15:29:55.185  WARN [sleuth-traceA,,,] 22156 --- [main] c.n.c.sources.URLConfigurationSource     : No URLs will be polled as dynamic configuration sources.
2024-01-06 15:29:55.185  INFO [sleuth-traceA,,,] 22156 --- [main] c.n.c.sources.URLConfigurationSource     : To enable URLs as dynamic configuration sources, define System property archaius.configurationSource.additionalUrls or make config.properties available on classpath.
2024-01-06 15:29:55.430  INFO [sleuth-traceA,,,] 22156 --- [main] o.s.s.concurrent.ThreadPoolTaskExecutor  : Initializing ExecutorService 'applicationTaskExecutor'
2024-01-06 15:29:56.170  INFO [sleuth-traceA,,,] 22156 --- [main] DiscoveryClientOptionalArgsConfiguration : Eureka HTTP Client uses Jersey
2024-01-06 15:29:56.233  WARN [sleuth-traceA,,,] 22156 --- [main] ockingLoadBalancerClientRibbonWarnLogger : You already have RibbonLoadBalancerClient on your classpath. It will be used by default. As Spring Cloud Ribbon is in maintenance mode. We recommend switching to BlockingLoadBalancerClient instead. In order to use it, set the value of `spring.cloud.loadbalancer.ribbon.enabled` to `false` or remove spring-cloud-starter-netflix-ribbon from your project.
2024-01-06 15:29:56.398  INFO [sleuth-traceA,,,] 22156 --- [main] o.s.b.a.e.web.EndpointLinksResolver      : Exposing 18 endpoint(s) beneath base path '/actuator'
2024-01-06 15:29:56.486  INFO [sleuth-traceA,,,] 22156 --- [main] o.s.c.n.eureka.InstanceInfoFactory       : Setting initial instance status as: STARTING
2024-01-06 15:29:56.511  INFO [sleuth-traceA,,,] 22156 --- [main] com.netflix.discovery.DiscoveryClient    : Initializing Eureka in region us-east-1
2024-01-06 15:29:56.746  INFO [sleuth-traceA,,,] 22156 --- [main] c.n.d.provider.DiscoveryJerseyProvider   : Using JSON encoding codec LegacyJacksonJson
2024-01-06 15:29:56.746  INFO [sleuth-traceA,,,] 22156 --- [main] c.n.d.provider.DiscoveryJerseyProvider   : Using JSON decoding codec LegacyJacksonJson
2024-01-06 15:29:56.827  INFO [sleuth-traceA,,,] 22156 --- [main] c.n.d.provider.DiscoveryJerseyProvider   : Using XML encoding codec XStreamXml
2024-01-06 15:29:56.827  INFO [sleuth-traceA,,,] 22156 --- [main] c.n.d.provider.DiscoveryJerseyProvider   : Using XML decoding codec XStreamXml
2024-01-06 15:29:56.978  INFO [sleuth-traceA,,,] 22156 --- [main] c.n.d.s.r.aws.ConfigClusterResolver      : Resolving eureka endpoints via configuration
2024-01-06 15:29:57.228  INFO [sleuth-traceA,,,] 22156 --- [main] com.netflix.discovery.DiscoveryClient    : Disable delta property : false
2024-01-06 15:29:57.228  INFO [sleuth-traceA,,,] 22156 --- [main] com.netflix.discovery.DiscoveryClient    : Single vip registry refresh property : null
2024-01-06 15:29:57.228  INFO [sleuth-traceA,,,] 22156 --- [main] com.netflix.discovery.DiscoveryClient    : Force full registry fetch : false
2024-01-06 15:29:57.229  INFO [sleuth-traceA,,,] 22156 --- [main] com.netflix.discovery.DiscoveryClient    : Application is null : false
2024-01-06 15:29:57.229  INFO [sleuth-traceA,,,] 22156 --- [main] com.netflix.discovery.DiscoveryClient    : Registered Applications size is zero : true
2024-01-06 15:29:57.229  INFO [sleuth-traceA,,,] 22156 --- [main] com.netflix.discovery.DiscoveryClient    : Application version is -1: true
2024-01-06 15:29:57.229  INFO [sleuth-traceA,,,] 22156 --- [main] com.netflix.discovery.DiscoveryClient    : Getting all instance registry info from the eureka server
2024-01-06 15:29:57.303  INFO [sleuth-traceA,,,] 22156 --- [main] com.netflix.discovery.DiscoveryClient    : The response status is 200
2024-01-06 15:29:57.305  INFO [sleuth-traceA,,,] 22156 --- [main] com.netflix.discovery.DiscoveryClient    : Starting heartbeat executor: renew interval is: 30
2024-01-06 15:29:57.307  INFO [sleuth-traceA,,,] 22156 --- [main] c.n.discovery.InstanceInfoReplicator     : InstanceInfoReplicator onDemand update allowed rate per min is 4
2024-01-06 15:29:57.311  INFO [sleuth-traceA,,,] 22156 --- [main] com.netflix.discovery.DiscoveryClient    : Discovery Client initialized at timestamp 1704526197309 with initial instances count: 0
2024-01-06 15:29:57.318  INFO [sleuth-traceA,,,] 22156 --- [main] o.s.c.n.e.s.EurekaServiceRegistry        : Registering application SLEUTH-TRACEA with eureka with status UP
2024-01-06 15:29:57.319  INFO [sleuth-traceA,,,] 22156 --- [main] com.netflix.discovery.DiscoveryClient    : Saw local status change event StatusChangeEvent [timestamp=1704526197319, current=UP, previous=STARTING]
2024-01-06 15:29:57.321  INFO [sleuth-traceA,,,] 22156 --- [DiscoveryClient-InstanceInfoReplicator-0] com.netflix.discovery.DiscoveryClient    : DiscoveryClient_SLEUTH-TRACEA/DESKTOP-3SMHR8N:sleuth-traceA:6582: registering service...
2024-01-06 15:29:57.381  INFO [sleuth-traceA,,,] 22156 --- [DiscoveryClient-InstanceInfoReplicator-0] com.netflix.discovery.DiscoveryClient    : DiscoveryClient_SLEUTH-TRACEA/DESKTOP-3SMHR8N:sleuth-traceA:6582 - registration status: 204
2024-01-06 15:29:57.387  INFO [sleuth-traceA,,,] 22156 --- [main] o.s.b.w.embedded.tomcat.TomcatWebServer  : Tomcat started on port(s): 6582 (http) with context path ''
2024-01-06 15:29:57.388  INFO [sleuth-traceA,,,] 22156 --- [main] .s.c.n.e.s.EurekaAutoServiceRegistration : Updating port to 6582
2024-01-06 15:29:57.741  INFO [sleuth-traceA,,,] 22156 --- [main] com.imooc.springcloud.SleuthTraceAMain   : Started SleuthTraceAMain in 7.034 seconds (JVM running for 8.055)
2024-01-06 15:30:00.188  INFO [sleuth-traceA,,,] 22156 --- [SpringContextShutdownHook] o.s.c.n.e.s.EurekaServiceRegistry        : Unregistering application SLEUTH-TRACEA with eureka with status DOWN
2024-01-06 15:30:00.189  INFO [sleuth-traceA,,,] 22156 --- [SpringContextShutdownHook] com.netflix.discovery.DiscoveryClient    : Saw local status change event StatusChangeEvent [timestamp=1704526200189, current=DOWN, previous=UP]
2024-01-06 15:30:00.189  INFO [sleuth-traceA,,,] 22156 --- [DiscoveryClient-InstanceInfoReplicator-0] com.netflix.discovery.DiscoveryClient    : DiscoveryClient_SLEUTH-TRACEA/DESKTOP-3SMHR8N:sleuth-traceA:6582: registering service...
2024-01-06 15:30:00.196  INFO [sleuth-traceA,,,] 22156 --- [SpringContextShutdownHook] o.s.s.concurrent.ThreadPoolTaskExecutor  : Shutting down ExecutorService 'applicationTaskExecutor'
2024-01-06 15:30:00.202  INFO [sleuth-traceA,,,] 22156 --- [SpringContextShutdownHook] com.netflix.discovery.DiscoveryClient    : Shutting down DiscoveryClient ...
2024-01-06 15:30:00.205  INFO [sleuth-traceA,,,] 22156 --- [DiscoveryClient-InstanceInfoReplicator-0] com.netflix.discovery.DiscoveryClient    : DiscoveryClient_SLEUTH-TRACEA/DESKTOP-3SMHR8N:sleuth-traceA:6582 - registration status: 204
2024-01-06 15:30:00.206  INFO [sleuth-traceA,,,] 22156 --- [SpringContextShutdownHook] com.netflix.discovery.DiscoveryClient    : Unregistering ...
2024-01-06 15:30:00.221  INFO [sleuth-traceA,,,] 22156 --- [SpringContextShutdownHook] com.netflix.discovery.DiscoveryClient    : DiscoveryClient_SLEUTH-TRACEA/DESKTOP-3SMHR8N:sleuth-traceA:6582 - deregister  status: 200
2024-01-06 15:30:00.234  INFO [sleuth-traceA,,,] 22156 --- [SpringContextShutdownHook] com.netflix.discovery.DiscoveryClient    : Completed shut down of DiscoveryClient
2024-01-06 15:30:24.033  INFO [sleuth-traceA,,,] 21440 --- [main] com.imooc.springcloud.SleuthTraceAMain   : No active profile set, falling back to default profiles: default
2024-01-06 15:30:24.853  WARN [sleuth-traceA,,,] 21440 --- [main] o.s.boot.actuate.endpoint.EndpointId     : Endpoint ID 'service-registry' contains invalid characters, please migrate to a valid format.
2024-01-06 15:30:25.076  INFO [sleuth-traceA,,,] 21440 --- [main] o.s.cloud.context.scope.GenericScope     : BeanFactory id=d83e2d97-a5c0-3f50-b399-1965577ea719
2024-01-06 15:30:25.657  INFO [sleuth-traceA,,,] 21440 --- [main] o.s.b.w.embedded.tomcat.TomcatWebServer  : Tomcat initialized with port(s): 6582 (http)
2024-01-06 15:30:25.665  INFO [sleuth-traceA,,,] 21440 --- [main] o.apache.catalina.core.StandardService   : Starting service [Tomcat]
2024-01-06 15:30:25.666  INFO [sleuth-traceA,,,] 21440 --- [main] org.apache.catalina.core.StandardEngine  : Starting Servlet engine: [Apache Tomcat/9.0.34]
2024-01-06 15:30:25.763  INFO [sleuth-traceA,,,] 21440 --- [main] o.a.c.c.C.[Tomcat].[localhost].[/]       : Initializing Spring embedded WebApplicationContext
2024-01-06 15:30:25.764  INFO [sleuth-traceA,,,] 21440 --- [main] o.s.web.context.ContextLoader            : Root WebApplicationContext: initialization completed in 1711 ms
2024-01-06 15:30:25.878  WARN [sleuth-traceA,,,] 21440 --- [main] c.n.c.sources.URLConfigurationSource     : No URLs will be polled as dynamic configuration sources.
2024-01-06 15:30:25.878  INFO [sleuth-traceA,,,] 21440 --- [main] c.n.c.sources.URLConfigurationSource     : To enable URLs as dynamic configuration sources, define System property archaius.configurationSource.additionalUrls or make config.properties available on classpath.
2024-01-06 15:30:25.885  INFO [sleuth-traceA,,,] 21440 --- [main] c.netflix.config.DynamicPropertyFactory  : DynamicPropertyFactory is initialized with configuration sources: com.netflix.config.ConcurrentCompositeConfiguration@7c4aa574
2024-01-06 15:30:27.156  WARN [sleuth-traceA,,,] 21440 --- [main] c.n.c.sources.URLConfigurationSource     : No URLs will be polled as dynamic configuration sources.
2024-01-06 15:30:27.156  INFO [sleuth-traceA,,,] 21440 --- [main] c.n.c.sources.URLConfigurationSource     : To enable URLs as dynamic configuration sources, define System property archaius.configurationSource.additionalUrls or make config.properties available on classpath.
2024-01-06 15:30:27.407  INFO [sleuth-traceA,,,] 21440 --- [main] o.s.s.concurrent.ThreadPoolTaskExecutor  : Initializing ExecutorService 'applicationTaskExecutor'
2024-01-06 15:30:28.161  INFO [sleuth-traceA,,,] 21440 --- [main] DiscoveryClientOptionalArgsConfiguration : Eureka HTTP Client uses Jersey
2024-01-06 15:30:28.208  WARN [sleuth-traceA,,,] 21440 --- [main] ockingLoadBalancerClientRibbonWarnLogger : You already have RibbonLoadBalancerClient on your classpath. It will be used by default. As Spring Cloud Ribbon is in maintenance mode. We recommend switching to BlockingLoadBalancerClient instead. In order to use it, set the value of `spring.cloud.loadbalancer.ribbon.enabled` to `false` or remove spring-cloud-starter-netflix-ribbon from your project.
2024-01-06 15:30:28.396  INFO [sleuth-traceA,,,] 21440 --- [main] o.s.b.a.e.web.EndpointLinksResolver      : Exposing 18 endpoint(s) beneath base path '/actuator'
2024-01-06 15:30:28.522  INFO [sleuth-traceA,,,] 21440 --- [main] o.s.c.n.eureka.InstanceInfoFactory       : Setting initial instance status as: STARTING
2024-01-06 15:30:28.554  INFO [sleuth-traceA,,,] 21440 --- [main] com.netflix.discovery.DiscoveryClient    : Initializing Eureka in region us-east-1
2024-01-06 15:30:28.837  INFO [sleuth-traceA,,,] 21440 --- [main] c.n.d.provider.DiscoveryJerseyProvider   : Using JSON encoding codec LegacyJacksonJson
2024-01-06 15:30:28.837  INFO [sleuth-traceA,,,] 21440 --- [main] c.n.d.provider.DiscoveryJerseyProvider   : Using JSON decoding codec LegacyJacksonJson
2024-01-06 15:30:28.979  INFO [sleuth-traceA,,,] 21440 --- [main] c.n.d.provider.DiscoveryJerseyProvider   : Using XML encoding codec XStreamXml
2024-01-06 15:30:28.979  INFO [sleuth-traceA,,,] 21440 --- [main] c.n.d.provider.DiscoveryJerseyProvider   : Using XML decoding codec XStreamXml
2024-01-06 15:30:29.166  INFO [sleuth-traceA,,,] 21440 --- [main] c.n.d.s.r.aws.ConfigClusterResolver      : Resolving eureka endpoints via configuration
2024-01-06 15:30:29.418  INFO [sleuth-traceA,,,] 21440 --- [main] com.netflix.discovery.DiscoveryClient    : Disable delta property : false
2024-01-06 15:30:29.418  INFO [sleuth-traceA,,,] 21440 --- [main] com.netflix.discovery.DiscoveryClient    : Single vip registry refresh property : null
2024-01-06 15:30:29.418  INFO [sleuth-traceA,,,] 21440 --- [main] com.netflix.discovery.DiscoveryClient    : Force full registry fetch : false
2024-01-06 15:30:29.418  INFO [sleuth-traceA,,,] 21440 --- [main] com.netflix.discovery.DiscoveryClient    : Application is null : false
2024-01-06 15:30:29.418  INFO [sleuth-traceA,,,] 21440 --- [main] com.netflix.discovery.DiscoveryClient    : Registered Applications size is zero : true
2024-01-06 15:30:29.418  INFO [sleuth-traceA,,,] 21440 --- [main] com.netflix.discovery.DiscoveryClient    : Application version is -1: true
2024-01-06 15:30:29.418  INFO [sleuth-traceA,,,] 21440 --- [main] com.netflix.discovery.DiscoveryClient    : Getting all instance registry info from the eureka server
2024-01-06 15:30:29.496  INFO [sleuth-traceA,,,] 21440 --- [main] com.netflix.discovery.DiscoveryClient    : The response status is 200
2024-01-06 15:30:29.496  INFO [sleuth-traceA,,,] 21440 --- [main] com.netflix.discovery.DiscoveryClient    : Starting heartbeat executor: renew interval is: 30
2024-01-06 15:30:29.512  INFO [sleuth-traceA,,,] 21440 --- [main] c.n.discovery.InstanceInfoReplicator     : InstanceInfoReplicator onDemand update allowed rate per min is 4
2024-01-06 15:30:29.512  INFO [sleuth-traceA,,,] 21440 --- [main] com.netflix.discovery.DiscoveryClient    : Discovery Client initialized at timestamp 1704526229512 with initial instances count: 0
2024-01-06 15:30:29.512  INFO [sleuth-traceA,,,] 21440 --- [main] o.s.c.n.e.s.EurekaServiceRegistry        : Registering application SLEUTH-TRACEA with eureka with status UP
2024-01-06 15:30:29.512  INFO [sleuth-traceA,,,] 21440 --- [main] com.netflix.discovery.DiscoveryClient    : Saw local status change event StatusChangeEvent [timestamp=1704526229512, current=UP, previous=STARTING]
2024-01-06 15:30:29.512  INFO [sleuth-traceA,,,] 21440 --- [DiscoveryClient-InstanceInfoReplicator-0] com.netflix.discovery.DiscoveryClient    : DiscoveryClient_SLEUTH-TRACEA/DESKTOP-3SMHR8N:sleuth-traceA:6582: registering service...
2024-01-06 15:30:29.575  INFO [sleuth-traceA,,,] 21440 --- [DiscoveryClient-InstanceInfoReplicator-0] com.netflix.discovery.DiscoveryClient    : DiscoveryClient_SLEUTH-TRACEA/DESKTOP-3SMHR8N:sleuth-traceA:6582 - registration status: 204
2024-01-06 15:30:29.575  INFO [sleuth-traceA,,,] 21440 --- [main] o.s.b.w.embedded.tomcat.TomcatWebServer  : Tomcat started on port(s): 6582 (http) with context path ''
2024-01-06 15:30:29.575  INFO [sleuth-traceA,,,] 21440 --- [main] .s.c.n.e.s.EurekaAutoServiceRegistration : Updating port to 6582
2024-01-06 15:30:29.936  INFO [sleuth-traceA,,,] 21440 --- [main] com.imooc.springcloud.SleuthTraceAMain   : Started SleuthTraceAMain in 7.954 seconds (JVM running for 9.203)
2024-01-06 15:30:59.512  INFO [sleuth-traceA,,,] 21440 --- [DiscoveryClient-CacheRefreshExecutor-0] com.netflix.discovery.DiscoveryClient    : Disable delta property : false
2024-01-06 15:30:59.512  INFO [sleuth-traceA,,,] 21440 --- [DiscoveryClient-CacheRefreshExecutor-0] com.netflix.discovery.DiscoveryClient    : Single vip registry refresh property : null
2024-01-06 15:30:59.512  INFO [sleuth-traceA,,,] 21440 --- [DiscoveryClient-CacheRefreshExecutor-0] com.netflix.discovery.DiscoveryClient    : Force full registry fetch : false
2024-01-06 15:30:59.512  INFO [sleuth-traceA,,,] 21440 --- [DiscoveryClient-CacheRefreshExecutor-0] com.netflix.discovery.DiscoveryClient    : Application is null : false
2024-01-06 15:30:59.512  INFO [sleuth-traceA,,,] 21440 --- [DiscoveryClient-CacheRefreshExecutor-0] com.netflix.discovery.DiscoveryClient    : Registered Applications size is zero : true
2024-01-06 15:30:59.513  INFO [sleuth-traceA,,,] 21440 --- [DiscoveryClient-CacheRefreshExecutor-0] com.netflix.discovery.DiscoveryClient    : Application version is -1: false
2024-01-06 15:30:59.513  INFO [sleuth-traceA,,,] 21440 --- [DiscoveryClient-CacheRefreshExecutor-0] com.netflix.discovery.DiscoveryClient    : Getting all instance registry info from the eureka server
2024-01-06 15:30:59.540  INFO [sleuth-traceA,,,] 21440 --- [DiscoveryClient-CacheRefreshExecutor-0] com.netflix.discovery.DiscoveryClient    : The response status is 200
2024-01-06 15:32:38.664  INFO [sleuth-traceA,,,] 21440 --- [http-nio-6582-exec-1] o.a.c.c.C.[Tomcat].[localhost].[/]       : Initializing Spring DispatcherServlet 'dispatcherServlet'
2024-01-06 15:32:38.665  INFO [sleuth-traceA,,,] 21440 --- [http-nio-6582-exec-1] o.s.web.servlet.DispatcherServlet        : Initializing Servlet 'dispatcherServlet'
2024-01-06 15:32:38.676  INFO [sleuth-traceA,,,] 21440 --- [http-nio-6582-exec-1] o.s.web.servlet.DispatcherServlet        : Completed initialization in 11 ms
2024-01-06 15:32:38.715  INFO [sleuth-traceA,2337db7f842e9c2e,2337db7f842e9c2e,true] 21440 --- [http-nio-6582-exec-1] com.imooc.springcloud.SleuthTraceAMain   : --------TraceA---------------
2024-01-06 15:32:38.875  INFO [sleuth-traceA,2337db7f842e9c2e,bd77934042d06a7b,true] 21440 --- [http-nio-6582-exec-1] c.netflix.config.ChainedDynamicProperty  : Flipping property: sleuth-traceB.ribbon.ActiveConnectionsLimit to use NEXT property: niws.loadbalancer.availabilityFilteringRule.activeConnectionsLimit = 2147483647
2024-01-06 15:32:38.893  INFO [sleuth-traceA,2337db7f842e9c2e,bd77934042d06a7b,true] 21440 --- [http-nio-6582-exec-1] c.n.u.concurrent.ShutdownEnabledTimer    : Shutdown hook installed for: NFLoadBalancer-PingTimer-sleuth-traceB
2024-01-06 15:32:38.893  INFO [sleuth-traceA,2337db7f842e9c2e,bd77934042d06a7b,true] 21440 --- [http-nio-6582-exec-1] c.netflix.loadbalancer.BaseLoadBalancer  : Client: sleuth-traceB instantiated a LoadBalancer: DynamicServerListLoadBalancer:{NFLoadBalancer:name=sleuth-traceB,current list of Servers=[],Load balancer stats=Zone stats: {},Server stats: []}ServerList:null
2024-01-06 15:32:38.899  INFO [sleuth-traceA,2337db7f842e9c2e,bd77934042d06a7b,true] 21440 --- [http-nio-6582-exec-1] c.n.l.DynamicServerListLoadBalancer      : Using serverListUpdater PollingServerListUpdater
2024-01-06 15:32:38.922  INFO [sleuth-traceA,2337db7f842e9c2e,bd77934042d06a7b,true] 21440 --- [http-nio-6582-exec-1] c.netflix.config.ChainedDynamicProperty  : Flipping property: sleuth-traceB.ribbon.ActiveConnectionsLimit to use NEXT property: niws.loadbalancer.availabilityFilteringRule.activeConnectionsLimit = 2147483647
2024-01-06 15:32:38.927  INFO [sleuth-traceA,2337db7f842e9c2e,bd77934042d06a7b,true] 21440 --- [http-nio-6582-exec-1] c.n.l.DynamicServerListLoadBalancer      : DynamicServerListLoadBalancer for client sleuth-traceB initialized: DynamicServerListLoadBalancer:{NFLoadBalancer:name=sleuth-traceB,current list of Servers=[DESKTOP-3SMHR8N:6583],Load balancer stats=Zone stats: {defaultzone=[Zone:defaultzone;	Instance count:1;	Active connections count: 0;	Circuit breaker tripped count: 0;	Active connections per server: 0.0;]
},Server stats: [[Server:DESKTOP-3SMHR8N:6583;	Zone:defaultZone;	Total Requests:0;	Successive connection failure:0;	Total blackout seconds:0;	Last connection made:Thu Jan 01 08:00:00 CST 1970;	First connection made: Thu Jan 01 08:00:00 CST 1970;	Active Connections:0;	total failure count in last (1000) msecs:0;	average resp time:0.0;	90 percentile resp time:0.0;	95 percentile resp time:0.0;	min resp time:0.0;	max resp time:0.0;	stddev resp time:0.0]
]}ServerList:org.springframework.cloud.netflix.ribbon.eureka.DomainExtractingServerList@cf95759d
2024-01-06 15:32:39.914  INFO [sleuth-traceA,,,] 21440 --- [PollingServerListUpdater-0] c.netflix.config.ChainedDynamicProperty  : Flipping property: sleuth-traceB.ribbon.ActiveConnectionsLimit to use NEXT property: niws.loadbalancer.availabilityFilteringRule.activeConnectionsLimit = 2147483647
2024-01-06 15:34:45.214  INFO [sleuth-traceA,4de21d932d75d2c0,4de21d932d75d2c0,true] 21440 --- [http-nio-6582-exec-2] com.imooc.springcloud.SleuthTraceAMain   : --------TraceA---------------
2024-01-06 15:35:29.433  INFO [sleuth-traceA,,,] 21440 --- [AsyncResolver-bootstrap-executor-0] c.n.d.s.r.aws.ConfigClusterResolver      : Resolving eureka endpoints via configuration
2024-01-06 15:40:29.447  INFO [sleuth-traceA,,,] 21440 --- [AsyncResolver-bootstrap-executor-0] c.n.d.s.r.aws.ConfigClusterResolver      : Resolving eureka endpoints via configuration
2024-01-06 15:45:29.460  INFO [sleuth-traceA,,,] 21440 --- [AsyncResolver-bootstrap-executor-0] c.n.d.s.r.aws.ConfigClusterResolver      : Resolving eureka endpoints via configuration
2024-01-06 15:50:29.466  INFO [sleuth-traceA,,,] 21440 --- [AsyncResolver-bootstrap-executor-0] c.n.d.s.r.aws.ConfigClusterResolver      : Resolving eureka endpoints via configuration
2024-01-06 15:55:29.471  INFO [sleuth-traceA,,,] 21440 --- [AsyncResolver-bootstrap-executor-0] c.n.d.s.r.aws.ConfigClusterResolver      : Resolving eureka endpoints via configuration
2024-01-06 16:00:29.483  INFO [sleuth-traceA,,,] 21440 --- [AsyncResolver-bootstrap-executor-0] c.n.d.s.r.aws.ConfigClusterResolver      : Resolving eureka endpoints via configuration
2024-01-06 16:05:29.486  INFO [sleuth-traceA,,,] 21440 --- [AsyncResolver-bootstrap-executor-0] c.n.d.s.r.aws.ConfigClusterResolver      : Resolving eureka endpoints via configuration
2024-01-06 16:10:29.499  INFO [sleuth-traceA,,,] 21440 --- [AsyncResolver-bootstrap-executor-0] c.n.d.s.r.aws.ConfigClusterResolver      : Resolving eureka endpoints via configuration
2024-01-06 16:15:29.509  INFO [sleuth-traceA,,,] 21440 --- [AsyncResolver-bootstrap-executor-0] c.n.d.s.r.aws.ConfigClusterResolver      : Resolving eureka endpoints via configuration
2024-01-06 16:16:07.736  INFO [sleuth-traceA,,,] 21440 --- [Thread-9] c.n.l.PollingServerListUpdater           : Shutting down the Executor Pool for PollingServerListUpdater
2024-01-06 16:16:07.737  INFO [sleuth-traceA,,,] 21440 --- [SpringContextShutdownHook] o.s.c.n.e.s.EurekaServiceRegistry        : Unregistering application SLEUTH-TRACEA with eureka with status DOWN
2024-01-06 16:16:07.738  INFO [sleuth-traceA,,,] 21440 --- [SpringContextShutdownHook] com.netflix.discovery.DiscoveryClient    : Saw local status change event StatusChangeEvent [timestamp=1704528967738, current=DOWN, previous=UP]
2024-01-06 16:16:07.738  INFO [sleuth-traceA,,,] 21440 --- [DiscoveryClient-InstanceInfoReplicator-0] com.netflix.discovery.DiscoveryClient    : DiscoveryClient_SLEUTH-TRACEA/DESKTOP-3SMHR8N:sleuth-traceA:6582: registering service...
2024-01-06 16:16:07.743  INFO [sleuth-traceA,,,] 21440 --- [SpringContextShutdownHook] c.n.u.concurrent.ShutdownEnabledTimer    : Shutdown hook removed for: NFLoadBalancer-PingTimer-sleuth-traceB
2024-01-06 16:16:07.747  INFO [sleuth-traceA,,,] 21440 --- [DiscoveryClient-InstanceInfoReplicator-0] com.netflix.discovery.DiscoveryClient    : DiscoveryClient_SLEUTH-TRACEA/DESKTOP-3SMHR8N:sleuth-traceA:6582 - registration status: 204
2024-01-06 16:16:07.755  INFO [sleuth-traceA,,,] 21440 --- [SpringContextShutdownHook] c.n.u.concurrent.ShutdownEnabledTimer    : Exception caught (might be ok if at shutdown)

java.lang.IllegalStateException: Shutdown in progress
	at java.lang.ApplicationShutdownHooks.remove(ApplicationShutdownHooks.java:82) ~[na:1.8.0_382]
	at java.lang.Runtime.removeShutdownHook(Runtime.java:231) ~[na:1.8.0_382]
	at com.netflix.util.concurrent.ShutdownEnabledTimer.cancel(ShutdownEnabledTimer.java:70) ~[netflix-commons-util-0.3.0.jar:0.3.0]
	at com.netflix.loadbalancer.BaseLoadBalancer.cancelPingTask(BaseLoadBalancer.java:632) [ribbon-loadbalancer-2.3.0.jar:2.3.0]
	at com.netflix.loadbalancer.BaseLoadBalancer.shutdown(BaseLoadBalancer.java:883) [ribbon-loadbalancer-2.3.0.jar:2.3.0]
	at com.netflix.loadbalancer.DynamicServerListLoadBalancer.shutdown(DynamicServerListLoadBalancer.java:285) [ribbon-loadbalancer-2.3.0.jar:2.3.0]
	at sun.reflect.NativeMethodAccessorImpl.invoke0(Native Method) ~[na:1.8.0_382]
	at sun.reflect.NativeMethodAccessorImpl.invoke(NativeMethodAccessorImpl.java:62) ~[na:1.8.0_382]
	at sun.reflect.DelegatingMethodAccessorImpl.invoke(DelegatingMethodAccessorImpl.java:43) ~[na:1.8.0_382]
	at java.lang.reflect.Method.invoke(Method.java:498) ~[na:1.8.0_382]
	at org.springframework.beans.factory.support.DisposableBeanAdapter.invokeCustomDestroyMethod(DisposableBeanAdapter.java:339) [spring-beans-5.2.6.RELEASE.jar:5.2.6.RELEASE]
	at org.springframework.beans.factory.support.DisposableBeanAdapter.destroy(DisposableBeanAdapter.java:273) [spring-beans-5.2.6.RELEASE.jar:5.2.6.RELEASE]
	at org.springframework.beans.factory.support.DefaultSingletonBeanRegistry.destroyBean(DefaultSingletonBeanRegistry.java:579) [spring-beans-5.2.6.RELEASE.jar:5.2.6.RELEASE]
	at org.springframework.beans.factory.support.DefaultSingletonBeanRegistry.destroySingleton(DefaultSingletonBeanRegistry.java:551) [spring-beans-5.2.6.RELEASE.jar:5.2.6.RELEASE]
	at org.springframework.beans.factory.support.DefaultListableBeanFactory.destroySingleton(DefaultListableBeanFactory.java:1091) [spring-beans-5.2.6.RELEASE.jar:5.2.6.RELEASE]
	at org.springframework.beans.factory.support.DefaultSingletonBeanRegistry.destroySingletons(DefaultSingletonBeanRegistry.java:512) [spring-beans-5.2.6.RELEASE.jar:5.2.6.RELEASE]
	at org.springframework.beans.factory.support.DefaultListableBeanFactory.destroySingletons(DefaultListableBeanFactory.java:1084) [spring-beans-5.2.6.RELEASE.jar:5.2.6.RELEASE]
	at org.springframework.context.support.AbstractApplicationContext.destroyBeans(AbstractApplicationContext.java:1060) [spring-context-5.2.6.RELEASE.jar:5.2.6.RELEASE]
	at org.springframework.context.support.AbstractApplicationContext.doClose(AbstractApplicationContext.java:1029) [spring-context-5.2.6.RELEASE.jar:5.2.6.RELEASE]
	at org.springframework.context.support.AbstractApplicationContext.close(AbstractApplicationContext.java:978) [spring-context-5.2.6.RELEASE.jar:5.2.6.RELEASE]
	at org.springframework.cloud.context.named.NamedContextFactory.destroy(NamedContextFactory.java:93) [spring-cloud-context-2.2.7.RELEASE.jar:2.2.7.RELEASE]
	at org.springframework.beans.factory.support.DisposableBeanAdapter.destroy(DisposableBeanAdapter.java:258) [spring-beans-5.2.6.RELEASE.jar:5.2.6.RELEASE]
	at org.springframework.beans.factory.support.DefaultSingletonBeanRegistry.destroyBean(DefaultSingletonBeanRegistry.java:579) [spring-beans-5.2.6.RELEASE.jar:5.2.6.RELEASE]
	at org.springframework.beans.factory.support.DefaultSingletonBeanRegistry.destroySingleton(DefaultSingletonBeanRegistry.java:551) [spring-beans-5.2.6.RELEASE.jar:5.2.6.RELEASE]
	at org.springframework.beans.factory.support.DefaultListableBeanFactory.destroySingleton(DefaultListableBeanFactory.java:1091) [spring-beans-5.2.6.RELEASE.jar:5.2.6.RELEASE]
	at org.springframework.beans.factory.support.DefaultSingletonBeanRegistry.destroySingletons(DefaultSingletonBeanRegistry.java:512) [spring-beans-5.2.6.RELEASE.jar:5.2.6.RELEASE]
	at org.springframework.beans.factory.support.DefaultListableBeanFactory.destroySingletons(DefaultListableBeanFactory.java:1084) [spring-beans-5.2.6.RELEASE.jar:5.2.6.RELEASE]
	at org.springframework.context.support.AbstractApplicationContext.destroyBeans(AbstractApplicationContext.java:1060) [spring-context-5.2.6.RELEASE.jar:5.2.6.RELEASE]
	at org.springframework.context.support.AbstractApplicationContext.doClose(AbstractApplicationContext.java:1029) [spring-context-5.2.6.RELEASE.jar:5.2.6.RELEASE]
	at org.springframework.context.support.AbstractApplicationContext$1.run(AbstractApplicationContext.java:948) [spring-context-5.2.6.RELEASE.jar:5.2.6.RELEASE]

2024-01-06 16:16:07.761  INFO [sleuth-traceA,,,] 21440 --- [SpringContextShutdownHook] o.s.s.concurrent.ThreadPoolTaskExecutor  : Shutting down ExecutorService 'applicationTaskExecutor'
2024-01-06 16:16:07.767  INFO [sleuth-traceA,,,] 21440 --- [SpringContextShutdownHook] com.netflix.discovery.DiscoveryClient    : Shutting down DiscoveryClient ...
2024-01-06 16:16:10.778  INFO [sleuth-traceA,,,] 21440 --- [SpringContextShutdownHook] com.netflix.discovery.DiscoveryClient    : Unregistering ...
2024-01-06 16:16:14.860  INFO [sleuth-traceA,,,] 21440 --- [SpringContextShutdownHook] c.n.d.s.t.d.RedirectingEurekaHttpClient  : Request execution error. endpoint=DefaultEndpoint{ serviceUrl='http://localhost:20000/eureka/} exception=java.net.ConnectException: Connection refused: connect stacktrace=com.sun.jersey.api.client.ClientHandlerException: java.net.ConnectException: Connection refused: connect
	at com.sun.jersey.client.apache4.ApacheHttpClient4Handler.handle(ApacheHttpClient4Handler.java:187)
	at com.sun.jersey.api.client.filter.GZIPContentEncodingFilter.handle(GZIPContentEncodingFilter.java:123)
	at com.netflix.discovery.EurekaIdentityHeaderFilter.handle(EurekaIdentityHeaderFilter.java:27)
	at com.sun.jersey.api.client.Client.handle(Client.java:652)
	at com.sun.jersey.api.client.WebResource.handle(WebResource.java:682)
	at com.sun.jersey.api.client.WebResource.access$200(WebResource.java:74)
	at com.sun.jersey.api.client.WebResource$Builder.delete(WebResource.java:591)
	at com.netflix.discovery.shared.transport.jersey.AbstractJerseyEurekaHttpClient.cancel(AbstractJerseyEurekaHttpClient.java:77)
	at com.netflix.discovery.shared.transport.decorator.EurekaHttpClientDecorator$2.execute(EurekaHttpClientDecorator.java:74)
	at com.netflix.discovery.shared.transport.decorator.MetricsCollectingEurekaHttpClient.execute(MetricsCollectingEurekaHttpClient.java:73)
	at com.netflix.discovery.shared.transport.decorator.EurekaHttpClientDecorator.cancel(EurekaHttpClientDecorator.java:71)
	at com.netflix.discovery.shared.transport.decorator.EurekaHttpClientDecorator$2.execute(EurekaHttpClientDecorator.java:74)
	at com.netflix.discovery.shared.transport.decorator.RedirectingEurekaHttpClient.execute(RedirectingEurekaHttpClient.java:91)
	at com.netflix.discovery.shared.transport.decorator.EurekaHttpClientDecorator.cancel(EurekaHttpClientDecorator.java:71)
	at com.netflix.discovery.shared.transport.decorator.EurekaHttpClientDecorator$2.execute(EurekaHttpClientDecorator.java:74)
	at com.netflix.discovery.shared.transport.decorator.RetryableEurekaHttpClient.execute(RetryableEurekaHttpClient.java:120)
	at com.netflix.discovery.shared.transport.decorator.EurekaHttpClientDecorator.cancel(EurekaHttpClientDecorator.java:71)
	at com.netflix.discovery.shared.transport.decorator.EurekaHttpClientDecorator$2.execute(EurekaHttpClientDecorator.java:74)
	at com.netflix.discovery.shared.transport.decorator.SessionedEurekaHttpClient.execute(SessionedEurekaHttpClient.java:77)
	at com.netflix.discovery.shared.transport.decorator.EurekaHttpClientDecorator.cancel(EurekaHttpClientDecorator.java:71)
	at com.netflix.discovery.DiscoveryClient.unregister(DiscoveryClient.java:972)
	at com.netflix.discovery.DiscoveryClient.shutdown(DiscoveryClient.java:948)
	at sun.reflect.NativeMethodAccessorImpl.invoke0(Native Method)
	at sun.reflect.NativeMethodAccessorImpl.invoke(NativeMethodAccessorImpl.java:62)
	at sun.reflect.DelegatingMethodAccessorImpl.invoke(DelegatingMethodAccessorImpl.java:43)
	at java.lang.reflect.Method.invoke(Method.java:498)
	at org.springframework.beans.factory.annotation.InitDestroyAnnotationBeanPostProcessor$LifecycleElement.invoke(InitDestroyAnnotationBeanPostProcessor.java:389)
	at org.springframework.beans.factory.annotation.InitDestroyAnnotationBeanPostProcessor$LifecycleMetadata.invokeDestroyMethods(InitDestroyAnnotationBeanPostProcessor.java:347)
	at org.springframework.beans.factory.annotation.InitDestroyAnnotationBeanPostProcessor.postProcessBeforeDestruction(InitDestroyAnnotationBeanPostProcessor.java:177)
	at org.springframework.beans.factory.support.DisposableBeanAdapter.destroy(DisposableBeanAdapter.java:242)
	at org.springframework.beans.factory.support.DisposableBeanAdapter.run(DisposableBeanAdapter.java:235)
	at org.springframework.cloud.context.scope.GenericScope$BeanLifecycleWrapper.destroy(GenericScope.java:403)
	at org.springframework.cloud.context.scope.GenericScope.destroy(GenericScope.java:142)
	at org.springframework.beans.factory.support.DisposableBeanAdapter.destroy(DisposableBeanAdapter.java:258)
	at org.springframework.beans.factory.support.DefaultSingletonBeanRegistry.destroyBean(DefaultSingletonBeanRegistry.java:579)
	at org.springframework.beans.factory.support.DefaultSingletonBeanRegistry.destroySingleton(DefaultSingletonBeanRegistry.java:551)
	at org.springframework.beans.factory.support.DefaultListableBeanFactory.destroySingleton(DefaultListableBeanFactory.java:1091)
	at org.springframework.beans.factory.support.DefaultSingletonBeanRegistry.destroySingletons(DefaultSingletonBeanRegistry.java:512)
	at org.springframework.beans.factory.support.DefaultListableBeanFactory.destroySingletons(DefaultListableBeanFactory.java:1084)
	at org.springframework.context.support.AbstractApplicationContext.destroyBeans(AbstractApplicationContext.java:1060)
	at org.springframework.context.support.AbstractApplicationContext.doClose(AbstractApplicationContext.java:1029)
	at org.springframework.context.support.AbstractApplicationContext$1.run(AbstractApplicationContext.java:948)
Caused by: java.net.ConnectException: Connection refused: connect
	at java.net.DualStackPlainSocketImpl.waitForConnect(Native Method)
	at java.net.DualStackPlainSocketImpl.socketConnect(DualStackPlainSocketImpl.java:85)
	at java.net.AbstractPlainSocketImpl.doConnect(AbstractPlainSocketImpl.java:350)
	at java.net.AbstractPlainSocketImpl.connectToAddress(AbstractPlainSocketImpl.java:206)
	at java.net.AbstractPlainSocketImpl.connect(AbstractPlainSocketImpl.java:188)
	at java.net.PlainSocketImpl.connect(PlainSocketImpl.java:172)
	at java.net.SocksSocketImpl.connect(SocksSocketImpl.java:392)
	at java.net.Socket.connect(Socket.java:607)
	at org.apache.http.conn.scheme.PlainSocketFactory.connectSocket(PlainSocketFactory.java:121)
	at org.apache.http.impl.conn.DefaultClientConnectionOperator.openConnection(DefaultClientConnectionOperator.java:180)
	at org.apache.http.impl.conn.AbstractPoolEntry.open(AbstractPoolEntry.java:144)
	at org.apache.http.impl.conn.AbstractPooledConnAdapter.open(AbstractPooledConnAdapter.java:134)
	at org.apache.http.impl.client.DefaultRequestDirector.tryConnect(DefaultRequestDirector.java:610)
	at org.apache.http.impl.client.DefaultRequestDirector.execute(DefaultRequestDirector.java:445)
	at org.apache.http.impl.client.AbstractHttpClient.doExecute(AbstractHttpClient.java:835)
	at org.apache.http.impl.client.CloseableHttpClient.execute(CloseableHttpClient.java:118)
	at org.apache.http.impl.client.CloseableHttpClient.execute(CloseableHttpClient.java:56)
	at com.sun.jersey.client.apache4.ApacheHttpClient4Handler.handle(ApacheHttpClient4Handler.java:173)
	... 41 more

2024-01-06 16:16:14.860  WARN [sleuth-traceA,,,] 21440 --- [SpringContextShutdownHook] c.n.d.s.t.d.RetryableEurekaHttpClient    : Request execution failed with message: java.net.ConnectException: Connection refused: connect
2024-01-06 16:16:18.945  INFO [sleuth-traceA,,,] 21440 --- [SpringContextShutdownHook] c.n.d.s.t.d.RedirectingEurekaHttpClient  : Request execution error. endpoint=DefaultEndpoint{ serviceUrl='http://localhost:20000/eureka/}, exception=java.net.ConnectException: Connection refused: connect stacktrace=com.sun.jersey.api.client.ClientHandlerException: java.net.ConnectException: Connection refused: connect
	at com.sun.jersey.client.apache4.ApacheHttpClient4Handler.handle(ApacheHttpClient4Handler.java:187)
	at com.sun.jersey.api.client.filter.GZIPContentEncodingFilter.handle(GZIPContentEncodingFilter.java:123)
	at com.netflix.discovery.EurekaIdentityHeaderFilter.handle(EurekaIdentityHeaderFilter.java:27)
	at com.sun.jersey.api.client.Client.handle(Client.java:652)
	at com.sun.jersey.api.client.WebResource.handle(WebResource.java:682)
	at com.sun.jersey.api.client.WebResource.access$200(WebResource.java:74)
	at com.sun.jersey.api.client.WebResource$Builder.delete(WebResource.java:591)
	at com.netflix.discovery.shared.transport.jersey.AbstractJerseyEurekaHttpClient.cancel(AbstractJerseyEurekaHttpClient.java:77)
	at com.netflix.discovery.shared.transport.decorator.EurekaHttpClientDecorator$2.execute(EurekaHttpClientDecorator.java:74)
	at com.netflix.discovery.shared.transport.decorator.MetricsCollectingEurekaHttpClient.execute(MetricsCollectingEurekaHttpClient.java:73)
	at com.netflix.discovery.shared.transport.decorator.EurekaHttpClientDecorator.cancel(EurekaHttpClientDecorator.java:71)
	at com.netflix.discovery.shared.transport.decorator.EurekaHttpClientDecorator$2.execute(EurekaHttpClientDecorator.java:74)
	at com.netflix.discovery.shared.transport.decorator.RedirectingEurekaHttpClient.executeOnNewServer(RedirectingEurekaHttpClient.java:121)
	at com.netflix.discovery.shared.transport.decorator.RedirectingEurekaHttpClient.execute(RedirectingEurekaHttpClient.java:80)
	at com.netflix.discovery.shared.transport.decorator.EurekaHttpClientDecorator.cancel(EurekaHttpClientDecorator.java:71)
	at com.netflix.discovery.shared.transport.decorator.EurekaHttpClientDecorator$2.execute(EurekaHttpClientDecorator.java:74)
	at com.netflix.discovery.shared.transport.decorator.RetryableEurekaHttpClient.execute(RetryableEurekaHttpClient.java:120)
	at com.netflix.discovery.shared.transport.decorator.EurekaHttpClientDecorator.cancel(EurekaHttpClientDecorator.java:71)
	at com.netflix.discovery.shared.transport.decorator.EurekaHttpClientDecorator$2.execute(EurekaHttpClientDecorator.java:74)
	at com.netflix.discovery.shared.transport.decorator.SessionedEurekaHttpClient.execute(SessionedEurekaHttpClient.java:77)
	at com.netflix.discovery.shared.transport.decorator.EurekaHttpClientDecorator.cancel(EurekaHttpClientDecorator.java:71)
	at com.netflix.discovery.DiscoveryClient.unregister(DiscoveryClient.java:972)
	at com.netflix.discovery.DiscoveryClient.shutdown(DiscoveryClient.java:948)
	at sun.reflect.NativeMethodAccessorImpl.invoke0(Native Method)
	at sun.reflect.NativeMethodAccessorImpl.invoke(NativeMethodAccessorImpl.java:62)
	at sun.reflect.DelegatingMethodAccessorImpl.invoke(DelegatingMethodAccessorImpl.java:43)
	at java.lang.reflect.Method.invoke(Method.java:498)
	at org.springframework.beans.factory.annotation.InitDestroyAnnotationBeanPostProcessor$LifecycleElement.invoke(InitDestroyAnnotationBeanPostProcessor.java:389)
	at org.springframework.beans.factory.annotation.InitDestroyAnnotationBeanPostProcessor$LifecycleMetadata.invokeDestroyMethods(InitDestroyAnnotationBeanPostProcessor.java:347)
	at org.springframework.beans.factory.annotation.InitDestroyAnnotationBeanPostProcessor.postProcessBeforeDestruction(InitDestroyAnnotationBeanPostProcessor.java:177)
	at org.springframework.beans.factory.support.DisposableBeanAdapter.destroy(DisposableBeanAdapter.java:242)
	at org.springframework.beans.factory.support.DisposableBeanAdapter.run(DisposableBeanAdapter.java:235)
	at org.springframework.cloud.context.scope.GenericScope$BeanLifecycleWrapper.destroy(GenericScope.java:403)
	at org.springframework.cloud.context.scope.GenericScope.destroy(GenericScope.java:142)
	at org.springframework.beans.factory.support.DisposableBeanAdapter.destroy(DisposableBeanAdapter.java:258)
	at org.springframework.beans.factory.support.DefaultSingletonBeanRegistry.destroyBean(DefaultSingletonBeanRegistry.java:579)
	at org.springframework.beans.factory.support.DefaultSingletonBeanRegistry.destroySingleton(DefaultSingletonBeanRegistry.java:551)
	at org.springframework.beans.factory.support.DefaultListableBeanFactory.destroySingleton(DefaultListableBeanFactory.java:1091)
	at org.springframework.beans.factory.support.DefaultSingletonBeanRegistry.destroySingletons(DefaultSingletonBeanRegistry.java:512)
	at org.springframework.beans.factory.support.DefaultListableBeanFactory.destroySingletons(DefaultListableBeanFactory.java:1084)
	at org.springframework.context.support.AbstractApplicationContext.destroyBeans(AbstractApplicationContext.java:1060)
	at org.springframework.context.support.AbstractApplicationContext.doClose(AbstractApplicationContext.java:1029)
	at org.springframework.context.support.AbstractApplicationContext$1.run(AbstractApplicationContext.java:948)
Caused by: java.net.ConnectException: Connection refused: connect
	at java.net.DualStackPlainSocketImpl.waitForConnect(Native Method)
	at java.net.DualStackPlainSocketImpl.socketConnect(DualStackPlainSocketImpl.java:85)
	at java.net.AbstractPlainSocketImpl.doConnect(AbstractPlainSocketImpl.java:350)
	at java.net.AbstractPlainSocketImpl.connectToAddress(AbstractPlainSocketImpl.java:206)
	at java.net.AbstractPlainSocketImpl.connect(AbstractPlainSocketImpl.java:188)
	at java.net.PlainSocketImpl.connect(PlainSocketImpl.java:172)
	at java.net.SocksSocketImpl.connect(SocksSocketImpl.java:392)
	at java.net.Socket.connect(Socket.java:607)
	at org.apache.http.conn.scheme.PlainSocketFactory.connectSocket(PlainSocketFactory.java:121)
	at org.apache.http.impl.conn.DefaultClientConnectionOperator.openConnection(DefaultClientConnectionOperator.java:180)
	at org.apache.http.impl.conn.AbstractPoolEntry.open(AbstractPoolEntry.java:144)
	at org.apache.http.impl.conn.AbstractPooledConnAdapter.open(AbstractPooledConnAdapter.java:134)
	at org.apache.http.impl.client.DefaultRequestDirector.tryConnect(DefaultRequestDirector.java:610)
	at org.apache.http.impl.client.DefaultRequestDirector.execute(DefaultRequestDirector.java:445)
	at org.apache.http.impl.client.AbstractHttpClient.doExecute(AbstractHttpClient.java:835)
	at org.apache.http.impl.client.CloseableHttpClient.execute(CloseableHttpClient.java:118)
	at org.apache.http.impl.client.CloseableHttpClient.execute(CloseableHttpClient.java:56)
	at com.sun.jersey.client.apache4.ApacheHttpClient4Handler.handle(ApacheHttpClient4Handler.java:173)
	... 42 more

2024-01-06 16:16:18.945  WARN [sleuth-traceA,,,] 21440 --- [SpringContextShutdownHook] c.n.d.s.t.d.RetryableEurekaHttpClient    : Request execution failed with message: java.net.ConnectException: Connection refused: connect
2024-01-06 16:16:18.946 ERROR [sleuth-traceA,,,] 21440 --- [SpringContextShutdownHook] com.netflix.discovery.DiscoveryClient    : DiscoveryClient_SLEUTH-TRACEA/DESKTOP-3SMHR8N:sleuth-traceA:6582 - de-registration failedCannot execute request on any known server

com.netflix.discovery.shared.transport.TransportException: Cannot execute request on any known server
	at com.netflix.discovery.shared.transport.decorator.RetryableEurekaHttpClient.execute(RetryableEurekaHttpClient.java:112) ~[eureka-client-1.10.11.jar:1.10.11]
	at com.netflix.discovery.shared.transport.decorator.EurekaHttpClientDecorator.cancel(EurekaHttpClientDecorator.java:71) ~[eureka-client-1.10.11.jar:1.10.11]
	at com.netflix.discovery.shared.transport.decorator.EurekaHttpClientDecorator$2.execute(EurekaHttpClientDecorator.java:74) ~[eureka-client-1.10.11.jar:1.10.11]
	at com.netflix.discovery.shared.transport.decorator.SessionedEurekaHttpClient.execute(SessionedEurekaHttpClient.java:77) ~[eureka-client-1.10.11.jar:1.10.11]
	at com.netflix.discovery.shared.transport.decorator.EurekaHttpClientDecorator.cancel(EurekaHttpClientDecorator.java:71) ~[eureka-client-1.10.11.jar:1.10.11]
	at com.netflix.discovery.DiscoveryClient.unregister(DiscoveryClient.java:972) [eureka-client-1.10.11.jar:1.10.11]
	at com.netflix.discovery.DiscoveryClient.shutdown(DiscoveryClient.java:948) [eureka-client-1.10.11.jar:1.10.11]
	at sun.reflect.NativeMethodAccessorImpl.invoke0(Native Method) ~[na:1.8.0_382]
	at sun.reflect.NativeMethodAccessorImpl.invoke(NativeMethodAccessorImpl.java:62) ~[na:1.8.0_382]
	at sun.reflect.DelegatingMethodAccessorImpl.invoke(DelegatingMethodAccessorImpl.java:43) ~[na:1.8.0_382]
	at java.lang.reflect.Method.invoke(Method.java:498) ~[na:1.8.0_382]
	at org.springframework.beans.factory.annotation.InitDestroyAnnotationBeanPostProcessor$LifecycleElement.invoke(InitDestroyAnnotationBeanPostProcessor.java:389) [spring-beans-5.2.6.RELEASE.jar:5.2.6.RELEASE]
	at org.springframework.beans.factory.annotation.InitDestroyAnnotationBeanPostProcessor$LifecycleMetadata.invokeDestroyMethods(InitDestroyAnnotationBeanPostProcessor.java:347) [spring-beans-5.2.6.RELEASE.jar:5.2.6.RELEASE]
	at org.springframework.beans.factory.annotation.InitDestroyAnnotationBeanPostProcessor.postProcessBeforeDestruction(InitDestroyAnnotationBeanPostProcessor.java:177) [spring-beans-5.2.6.RELEASE.jar:5.2.6.RELEASE]
	at org.springframework.beans.factory.support.DisposableBeanAdapter.destroy(DisposableBeanAdapter.java:242) [spring-beans-5.2.6.RELEASE.jar:5.2.6.RELEASE]
	at org.springframework.beans.factory.support.DisposableBeanAdapter.run(DisposableBeanAdapter.java:235) [spring-beans-5.2.6.RELEASE.jar:5.2.6.RELEASE]
	at org.springframework.cloud.context.scope.GenericScope$BeanLifecycleWrapper.destroy(GenericScope.java:403) [spring-cloud-context-2.2.7.RELEASE.jar:2.2.7.RELEASE]
	at org.springframework.cloud.context.scope.GenericScope.destroy(GenericScope.java:142) [spring-cloud-context-2.2.7.RELEASE.jar:2.2.7.RELEASE]
	at org.springframework.beans.factory.support.DisposableBeanAdapter.destroy(DisposableBeanAdapter.java:258) [spring-beans-5.2.6.RELEASE.jar:5.2.6.RELEASE]
	at org.springframework.beans.factory.support.DefaultSingletonBeanRegistry.destroyBean(DefaultSingletonBeanRegistry.java:579) [spring-beans-5.2.6.RELEASE.jar:5.2.6.RELEASE]
	at org.springframework.beans.factory.support.DefaultSingletonBeanRegistry.destroySingleton(DefaultSingletonBeanRegistry.java:551) [spring-beans-5.2.6.RELEASE.jar:5.2.6.RELEASE]
	at org.springframework.beans.factory.support.DefaultListableBeanFactory.destroySingleton(DefaultListableBeanFactory.java:1091) [spring-beans-5.2.6.RELEASE.jar:5.2.6.RELEASE]
	at org.springframework.beans.factory.support.DefaultSingletonBeanRegistry.destroySingletons(DefaultSingletonBeanRegistry.java:512) [spring-beans-5.2.6.RELEASE.jar:5.2.6.RELEASE]
	at org.springframework.beans.factory.support.DefaultListableBeanFactory.destroySingletons(DefaultListableBeanFactory.java:1084) [spring-beans-5.2.6.RELEASE.jar:5.2.6.RELEASE]
	at org.springframework.context.support.AbstractApplicationContext.destroyBeans(AbstractApplicationContext.java:1060) [spring-context-5.2.6.RELEASE.jar:5.2.6.RELEASE]
	at org.springframework.context.support.AbstractApplicationContext.doClose(AbstractApplicationContext.java:1029) [spring-context-5.2.6.RELEASE.jar:5.2.6.RELEASE]
	at org.springframework.context.support.AbstractApplicationContext$1.run(AbstractApplicationContext.java:948) [spring-context-5.2.6.RELEASE.jar:5.2.6.RELEASE]

2024-01-06 16:16:18.955  INFO [sleuth-traceA,,,] 21440 --- [SpringContextShutdownHook] com.netflix.discovery.DiscoveryClient    : Completed shut down of DiscoveryClient
